{"D:\\!hacktiv8\\phase 2\\INDIVIDUAL PROJECT V2\\IP-HCK74\\server\\controllers\\UserController.js": {"path":"D:\\!hacktiv8\\phase 2\\INDIVIDUAL PROJECT V2\\IP-HCK74\\server\\controllers\\UserController.js","statementMap":{"0":{"start":{"line":1,"column":15},"end":{"line":1,"column":35}},"1":{"start":{"line":2,"column":17},"end":{"line":2,"column":37}},"2":{"start":{"line":3,"column":25},"end":{"line":3,"column":53}},"3":{"start":{"line":4,"column":22},"end":{"line":4,"column":47}},"4":{"start":{"line":5,"column":25},"end":{"line":5,"column":55}},"5":{"start":{"line":6,"column":15},"end":{"line":6,"column":33}},"6":{"start":{"line":10,"column":4},"end":{"line":15,"column":5}},"7":{"start":{"line":11,"column":6},"end":{"line":11,"column":24}},"8":{"start":{"line":13,"column":26},"end":{"line":13,"column":80}},"9":{"start":{"line":14,"column":6},"end":{"line":14,"column":18}},"10":{"start":{"line":19,"column":4},"end":{"line":48,"column":5}},"11":{"start":{"line":20,"column":44},"end":{"line":20,"column":52}},"12":{"start":{"line":22,"column":6},"end":{"line":22,"column":56}},"13":{"start":{"line":22,"column":21},"end":{"line":22,"column":56}},"14":{"start":{"line":23,"column":6},"end":{"line":23,"column":50}},"15":{"start":{"line":23,"column":18},"end":{"line":23,"column":50}},"16":{"start":{"line":24,"column":6},"end":{"line":24,"column":56}},"17":{"start":{"line":24,"column":21},"end":{"line":24,"column":56}},"18":{"start":{"line":26,"column":24},"end":{"line":32,"column":8}},"19":{"start":{"line":34,"column":6},"end":{"line":35,"column":79}},"20":{"start":{"line":35,"column":8},"end":{"line":35,"column":79}},"21":{"start":{"line":37,"column":6},"end":{"line":41,"column":9}},"22":{"start":{"line":43,"column":6},"end":{"line":45,"column":9}},"23":{"start":{"line":47,"column":6},"end":{"line":47,"column":18}},"24":{"start":{"line":52,"column":4},"end":{"line":82,"column":5}},"25":{"start":{"line":53,"column":34},"end":{"line":53,"column":42}},"26":{"start":{"line":55,"column":6},"end":{"line":55,"column":50}},"27":{"start":{"line":55,"column":18},"end":{"line":55,"column":50}},"28":{"start":{"line":56,"column":6},"end":{"line":56,"column":56}},"29":{"start":{"line":56,"column":21},"end":{"line":56,"column":56}},"30":{"start":{"line":58,"column":24},"end":{"line":64,"column":8}},"31":{"start":{"line":66,"column":6},"end":{"line":68,"column":7}},"32":{"start":{"line":67,"column":8},"end":{"line":67,"column":76}},"33":{"start":{"line":70,"column":20},"end":{"line":70,"column":62}},"34":{"start":{"line":71,"column":6},"end":{"line":79,"column":7}},"35":{"start":{"line":72,"column":8},"end":{"line":76,"column":11}},"36":{"start":{"line":78,"column":8},"end":{"line":78,"column":76}},"37":{"start":{"line":81,"column":6},"end":{"line":81,"column":18}},"38":{"start":{"line":86,"column":4},"end":{"line":120,"column":5}},"39":{"start":{"line":87,"column":30},"end":{"line":87,"column":38}},"40":{"start":{"line":88,"column":6},"end":{"line":88,"column":65}},"41":{"start":{"line":88,"column":24},"end":{"line":88,"column":65}},"42":{"start":{"line":90,"column":21},"end":{"line":93,"column":8}},"43":{"start":{"line":94,"column":22},"end":{"line":94,"column":41}},"44":{"start":{"line":95,"column":35},"end":{"line":95,"column":42}},"45":{"start":{"line":97,"column":21},"end":{"line":103,"column":8}},"46":{"start":{"line":105,"column":6},"end":{"line":111,"column":7}},"47":{"start":{"line":106,"column":8},"end":{"line":110,"column":11}},"48":{"start":{"line":113,"column":6},"end":{"line":117,"column":9}},"49":{"start":{"line":119,"column":6},"end":{"line":119,"column":18}},"50":{"start":{"line":124,"column":4},"end":{"line":139,"column":5}},"51":{"start":{"line":125,"column":21},"end":{"line":125,"column":31}},"52":{"start":{"line":126,"column":27},"end":{"line":126,"column":35}},"53":{"start":{"line":128,"column":6},"end":{"line":128,"column":84}},"54":{"start":{"line":128,"column":21},"end":{"line":128,"column":84}},"55":{"start":{"line":130,"column":6},"end":{"line":132,"column":9}},"56":{"start":{"line":134,"column":6},"end":{"line":136,"column":9}},"57":{"start":{"line":138,"column":6},"end":{"line":138,"column":18}},"58":{"start":{"line":143,"column":0},"end":{"line":143,"column":32}},"59":{"start":{"line":150,"column":85},"end":{"line":150,"column":39990}},"60":{"start":{"line":150,"column":89},"end":{"line":150,"column":39979}}},"fnMap":{"0":{"name":"(anonymous_0)","decl":{"start":{"line":9,"column":2},"end":{"line":9,"column":3}},"loc":{"start":{"line":9,"column":40},"end":{"line":16,"column":3}},"line":9},"1":{"name":"(anonymous_1)","decl":{"start":{"line":18,"column":2},"end":{"line":18,"column":3}},"loc":{"start":{"line":18,"column":40},"end":{"line":49,"column":3}},"line":18},"2":{"name":"(anonymous_2)","decl":{"start":{"line":51,"column":2},"end":{"line":51,"column":3}},"loc":{"start":{"line":51,"column":37},"end":{"line":83,"column":3}},"line":51},"3":{"name":"(anonymous_3)","decl":{"start":{"line":85,"column":2},"end":{"line":85,"column":3}},"loc":{"start":{"line":85,"column":43},"end":{"line":121,"column":3}},"line":85},"4":{"name":"(anonymous_4)","decl":{"start":{"line":123,"column":2},"end":{"line":123,"column":3}},"loc":{"start":{"line":123,"column":46},"end":{"line":140,"column":3}},"line":123},"5":{"name":"oo_cm","decl":{"start":{"line":150,"column":77},"end":{"line":150,"column":82}},"loc":{"start":{"line":150,"column":84},"end":{"line":150,"column":39991}},"line":150}},"branchMap":{"0":{"loc":{"start":{"line":22,"column":6},"end":{"line":22,"column":56}},"type":"if","locations":[{"start":{"line":22,"column":6},"end":{"line":22,"column":56}},{"start":{},"end":{}}],"line":22},"1":{"loc":{"start":{"line":23,"column":6},"end":{"line":23,"column":50}},"type":"if","locations":[{"start":{"line":23,"column":6},"end":{"line":23,"column":50}},{"start":{},"end":{}}],"line":23},"2":{"loc":{"start":{"line":24,"column":6},"end":{"line":24,"column":56}},"type":"if","locations":[{"start":{"line":24,"column":6},"end":{"line":24,"column":56}},{"start":{},"end":{}}],"line":24},"3":{"loc":{"start":{"line":34,"column":6},"end":{"line":35,"column":79}},"type":"if","locations":[{"start":{"line":34,"column":6},"end":{"line":35,"column":79}},{"start":{},"end":{}}],"line":34},"4":{"loc":{"start":{"line":55,"column":6},"end":{"line":55,"column":50}},"type":"if","locations":[{"start":{"line":55,"column":6},"end":{"line":55,"column":50}},{"start":{},"end":{}}],"line":55},"5":{"loc":{"start":{"line":56,"column":6},"end":{"line":56,"column":56}},"type":"if","locations":[{"start":{"line":56,"column":6},"end":{"line":56,"column":56}},{"start":{},"end":{}}],"line":56},"6":{"loc":{"start":{"line":66,"column":6},"end":{"line":68,"column":7}},"type":"if","locations":[{"start":{"line":66,"column":6},"end":{"line":68,"column":7}},{"start":{},"end":{}}],"line":66},"7":{"loc":{"start":{"line":71,"column":6},"end":{"line":79,"column":7}},"type":"if","locations":[{"start":{"line":71,"column":6},"end":{"line":79,"column":7}},{"start":{"line":77,"column":13},"end":{"line":79,"column":7}}],"line":71},"8":{"loc":{"start":{"line":88,"column":6},"end":{"line":88,"column":65}},"type":"if","locations":[{"start":{"line":88,"column":6},"end":{"line":88,"column":65}},{"start":{},"end":{}}],"line":88},"9":{"loc":{"start":{"line":105,"column":6},"end":{"line":111,"column":7}},"type":"if","locations":[{"start":{"line":105,"column":6},"end":{"line":111,"column":7}},{"start":{},"end":{}}],"line":105},"10":{"loc":{"start":{"line":128,"column":6},"end":{"line":128,"column":84}},"type":"if","locations":[{"start":{"line":128,"column":6},"end":{"line":128,"column":84}},{"start":{},"end":{}}],"line":128},"11":{"loc":{"start":{"line":150,"column":96},"end":{"line":150,"column":39978}},"type":"binary-expr","locations":[{"start":{"line":150,"column":96},"end":{"line":150,"column":133}},{"start":{"line":150,"column":137},"end":{"line":150,"column":39978}}],"line":150}},"s":{"0":1,"1":1,"2":1,"3":1,"4":1,"5":1,"6":0,"7":0,"8":0,"9":0,"10":0,"11":0,"12":0,"13":0,"14":0,"15":0,"16":0,"17":0,"18":0,"19":0,"20":0,"21":0,"22":0,"23":0,"24":0,"25":0,"26":0,"27":0,"28":0,"29":0,"30":0,"31":0,"32":0,"33":0,"34":0,"35":0,"36":0,"37":0,"38":0,"39":0,"40":0,"41":0,"42":0,"43":0,"44":0,"45":0,"46":0,"47":0,"48":0,"49":0,"50":0,"51":0,"52":0,"53":0,"54":0,"55":0,"56":0,"57":0,"58":1,"59":0,"60":0},"f":{"0":0,"1":0,"2":0,"3":0,"4":0,"5":0},"b":{"0":[0,0],"1":[0,0],"2":[0,0],"3":[0,0],"4":[0,0],"5":[0,0],"6":[0,0],"7":[0,0],"8":[0,0],"9":[0,0],"10":[0,0],"11":[0,0]},"_coverageSchema":"1a1c01bbd47fc00a2c39e90264f33305004495a9","hash":"878f657e856a9c9e0ff4bb058fedb64d371fcf8f"}
,"D:\\!hacktiv8\\phase 2\\INDIVIDUAL PROJECT V2\\IP-HCK74\\server\\middlewares\\errorHandler.js": {"path":"D:\\!hacktiv8\\phase 2\\INDIVIDUAL PROJECT V2\\IP-HCK74\\server\\middlewares\\errorHandler.js","statementMap":{"0":{"start":{"line":1,"column":19},"end":{"line":40,"column":1}},"1":{"start":{"line":2,"column":15},"end":{"line":2,"column":32}},"2":{"start":{"line":3,"column":16},"end":{"line":3,"column":56}},"3":{"start":{"line":5,"column":2},"end":{"line":36,"column":3}},"4":{"start":{"line":8,"column":6},"end":{"line":8,"column":19}},"5":{"start":{"line":9,"column":6},"end":{"line":9,"column":40}},"6":{"start":{"line":10,"column":6},"end":{"line":10,"column":12}},"7":{"start":{"line":12,"column":6},"end":{"line":12,"column":19}},"8":{"start":{"line":13,"column":6},"end":{"line":13,"column":40}},"9":{"start":{"line":14,"column":6},"end":{"line":14,"column":12}},"10":{"start":{"line":16,"column":6},"end":{"line":16,"column":19}},"11":{"start":{"line":17,"column":6},"end":{"line":17,"column":35}},"12":{"start":{"line":18,"column":6},"end":{"line":18,"column":12}},"13":{"start":{"line":20,"column":6},"end":{"line":20,"column":19}},"14":{"start":{"line":21,"column":6},"end":{"line":21,"column":32}},"15":{"start":{"line":22,"column":6},"end":{"line":22,"column":12}},"16":{"start":{"line":24,"column":6},"end":{"line":24,"column":19}},"17":{"start":{"line":25,"column":6},"end":{"line":25,"column":35}},"18":{"start":{"line":26,"column":6},"end":{"line":26,"column":12}},"19":{"start":{"line":28,"column":6},"end":{"line":28,"column":19}},"20":{"start":{"line":29,"column":6},"end":{"line":29,"column":32}},"21":{"start":{"line":31,"column":6},"end":{"line":32,"column":41}},"22":{"start":{"line":34,"column":6},"end":{"line":34,"column":19}},"23":{"start":{"line":35,"column":6},"end":{"line":35,"column":30}},"24":{"start":{"line":37,"column":2},"end":{"line":39,"column":5}},"25":{"start":{"line":42,"column":0},"end":{"line":42,"column":30}}},"fnMap":{"0":{"name":"(anonymous_0)","decl":{"start":{"line":1,"column":19},"end":{"line":1,"column":20}},"loc":{"start":{"line":1,"column":46},"end":{"line":40,"column":1}},"line":1}},"branchMap":{"0":{"loc":{"start":{"line":2,"column":15},"end":{"line":2,"column":32}},"type":"binary-expr","locations":[{"start":{"line":2,"column":15},"end":{"line":2,"column":25}},{"start":{"line":2,"column":29},"end":{"line":2,"column":32}}],"line":2},"1":{"loc":{"start":{"line":3,"column":16},"end":{"line":3,"column":56}},"type":"binary-expr","locations":[{"start":{"line":3,"column":16},"end":{"line":3,"column":29}},{"start":{"line":3,"column":33},"end":{"line":3,"column":56}}],"line":3},"2":{"loc":{"start":{"line":5,"column":2},"end":{"line":36,"column":3}},"type":"switch","locations":[{"start":{"line":6,"column":4},"end":{"line":6,"column":42}},{"start":{"line":7,"column":4},"end":{"line":10,"column":12}},{"start":{"line":11,"column":4},"end":{"line":14,"column":12}},{"start":{"line":15,"column":4},"end":{"line":18,"column":12}},{"start":{"line":19,"column":4},"end":{"line":22,"column":12}},{"start":{"line":23,"column":4},"end":{"line":26,"column":12}},{"start":{"line":27,"column":4},"end":{"line":29,"column":32}},{"start":{"line":30,"column":4},"end":{"line":32,"column":41}},{"start":{"line":33,"column":4},"end":{"line":35,"column":30}}],"line":5}},"s":{"0":1,"1":6,"2":6,"3":6,"4":0,"5":0,"6":0,"7":0,"8":0,"9":0,"10":0,"11":0,"12":0,"13":0,"14":0,"15":0,"16":0,"17":0,"18":0,"19":0,"20":0,"21":0,"22":0,"23":0,"24":6,"25":1},"f":{"0":6},"b":{"0":[6,6],"1":[6,0],"2":[0,0,0,0,0,0,0,0,0]},"_coverageSchema":"1a1c01bbd47fc00a2c39e90264f33305004495a9","hash":"2f1e14443b2cd1dcadecff3f15c7f0ecf3d65a38"}
,"D:\\!hacktiv8\\phase 2\\INDIVIDUAL PROJECT V2\\IP-HCK74\\server\\models\\image.js": {"path":"D:\\!hacktiv8\\phase 2\\INDIVIDUAL PROJECT V2\\IP-HCK74\\server\\models\\image.js","statementMap":{"0":{"start":{"line":4,"column":4},"end":{"line":4,"column":24}},"1":{"start":{"line":5,"column":0},"end":{"line":48,"column":2}},"2":{"start":{"line":14,"column":6},"end":{"line":14,"column":60}},"3":{"start":{"line":17,"column":2},"end":{"line":46,"column":5}},"4":{"start":{"line":47,"column":2},"end":{"line":47,"column":15}}},"fnMap":{"0":{"name":"(anonymous_0)","decl":{"start":{"line":5,"column":17},"end":{"line":5,"column":18}},"loc":{"start":{"line":5,"column":43},"end":{"line":48,"column":1}},"line":5},"1":{"name":"(anonymous_1)","decl":{"start":{"line":12,"column":4},"end":{"line":12,"column":5}},"loc":{"start":{"line":12,"column":29},"end":{"line":15,"column":5}},"line":12}},"branchMap":{},"s":{"0":1,"1":1,"2":1,"3":1,"4":1},"f":{"0":1,"1":1},"b":{},"_coverageSchema":"1a1c01bbd47fc00a2c39e90264f33305004495a9","hash":"c78dcace0fd2e5c04546a1a08b03515e199cae21"}
,"D:\\!hacktiv8\\phase 2\\INDIVIDUAL PROJECT V2\\IP-HCK74\\server\\models\\index.js": {"path":"D:\\!hacktiv8\\phase 2\\INDIVIDUAL PROJECT V2\\IP-HCK74\\server\\models\\index.js","statementMap":{"0":{"start":{"line":3,"column":11},"end":{"line":3,"column":24}},"1":{"start":{"line":4,"column":13},"end":{"line":4,"column":28}},"2":{"start":{"line":5,"column":18},"end":{"line":5,"column":38}},"3":{"start":{"line":6,"column":16},"end":{"line":6,"column":34}},"4":{"start":{"line":7,"column":17},"end":{"line":7,"column":42}},"5":{"start":{"line":8,"column":12},"end":{"line":8,"column":49}},"6":{"start":{"line":9,"column":15},"end":{"line":9,"column":65}},"7":{"start":{"line":10,"column":11},"end":{"line":10,"column":13}},"8":{"start":{"line":13,"column":0},"end":{"line":17,"column":1}},"9":{"start":{"line":14,"column":2},"end":{"line":14,"column":74}},"10":{"start":{"line":16,"column":2},"end":{"line":16,"column":87}},"11":{"start":{"line":19,"column":0},"end":{"line":32,"column":5}},"12":{"start":{"line":22,"column":4},"end":{"line":27,"column":6}},"13":{"start":{"line":30,"column":18},"end":{"line":30,"column":85}},"14":{"start":{"line":31,"column":4},"end":{"line":31,"column":27}},"15":{"start":{"line":34,"column":0},"end":{"line":38,"column":3}},"16":{"start":{"line":35,"column":2},"end":{"line":37,"column":3}},"17":{"start":{"line":36,"column":4},"end":{"line":36,"column":32}},"18":{"start":{"line":40,"column":0},"end":{"line":40,"column":25}},"19":{"start":{"line":41,"column":0},"end":{"line":41,"column":25}},"20":{"start":{"line":43,"column":0},"end":{"line":43,"column":20}}},"fnMap":{"0":{"name":"(anonymous_0)","decl":{"start":{"line":21,"column":10},"end":{"line":21,"column":11}},"loc":{"start":{"line":21,"column":18},"end":{"line":28,"column":3}},"line":21},"1":{"name":"(anonymous_1)","decl":{"start":{"line":29,"column":11},"end":{"line":29,"column":12}},"loc":{"start":{"line":29,"column":19},"end":{"line":32,"column":3}},"line":29},"2":{"name":"(anonymous_2)","decl":{"start":{"line":34,"column":24},"end":{"line":34,"column":25}},"loc":{"start":{"line":34,"column":37},"end":{"line":38,"column":1}},"line":34}},"branchMap":{"0":{"loc":{"start":{"line":8,"column":12},"end":{"line":8,"column":49}},"type":"binary-expr","locations":[{"start":{"line":8,"column":12},"end":{"line":8,"column":32}},{"start":{"line":8,"column":36},"end":{"line":8,"column":49}}],"line":8},"1":{"loc":{"start":{"line":13,"column":0},"end":{"line":17,"column":1}},"type":"if","locations":[{"start":{"line":13,"column":0},"end":{"line":17,"column":1}},{"start":{"line":15,"column":7},"end":{"line":17,"column":1}}],"line":13},"2":{"loc":{"start":{"line":23,"column":6},"end":{"line":26,"column":37}},"type":"binary-expr","locations":[{"start":{"line":23,"column":6},"end":{"line":23,"column":29}},{"start":{"line":24,"column":6},"end":{"line":24,"column":23}},{"start":{"line":25,"column":6},"end":{"line":25,"column":30}},{"start":{"line":26,"column":6},"end":{"line":26,"column":37}}],"line":23},"3":{"loc":{"start":{"line":35,"column":2},"end":{"line":37,"column":3}},"type":"if","locations":[{"start":{"line":35,"column":2},"end":{"line":37,"column":3}},{"start":{},"end":{}}],"line":35}},"s":{"0":1,"1":1,"2":1,"3":1,"4":1,"5":1,"6":1,"7":1,"8":1,"9":0,"10":1,"11":1,"12":3,"13":2,"14":2,"15":1,"16":2,"17":2,"18":1,"19":1,"20":1},"f":{"0":3,"1":2,"2":2},"b":{"0":[1,0],"1":[0,1],"2":[3,3,2,2],"3":[2,0]},"_coverageSchema":"1a1c01bbd47fc00a2c39e90264f33305004495a9","hash":"6c4245e6b24cba20aab0c2a17e0647de50afec37"}
,"D:\\!hacktiv8\\phase 2\\INDIVIDUAL PROJECT V2\\IP-HCK74\\server\\models\\user.js": {"path":"D:\\!hacktiv8\\phase 2\\INDIVIDUAL PROJECT V2\\IP-HCK74\\server\\models\\user.js","statementMap":{"0":{"start":{"line":4,"column":4},"end":{"line":4,"column":24}},"1":{"start":{"line":5,"column":22},"end":{"line":5,"column":50}},"2":{"start":{"line":6,"column":0},"end":{"line":32,"column":2}},"3":{"start":{"line":15,"column":6},"end":{"line":15,"column":58}},"4":{"start":{"line":18,"column":2},"end":{"line":25,"column":5}},"5":{"start":{"line":27,"column":2},"end":{"line":29,"column":4}},"6":{"start":{"line":28,"column":4},"end":{"line":28,"column":44}},"7":{"start":{"line":31,"column":2},"end":{"line":31,"column":14}}},"fnMap":{"0":{"name":"(anonymous_0)","decl":{"start":{"line":6,"column":17},"end":{"line":6,"column":18}},"loc":{"start":{"line":6,"column":43},"end":{"line":32,"column":1}},"line":6},"1":{"name":"(anonymous_1)","decl":{"start":{"line":13,"column":4},"end":{"line":13,"column":5}},"loc":{"start":{"line":13,"column":29},"end":{"line":16,"column":5}},"line":13},"2":{"name":"(anonymous_2)","decl":{"start":{"line":27,"column":20},"end":{"line":27,"column":21}},"loc":{"start":{"line":27,"column":39},"end":{"line":29,"column":3}},"line":27}},"branchMap":{},"s":{"0":1,"1":1,"2":1,"3":1,"4":1,"5":1,"6":0,"7":1},"f":{"0":1,"1":1,"2":0},"b":{},"_coverageSchema":"1a1c01bbd47fc00a2c39e90264f33305004495a9","hash":"0258dc001e3a69e8c4430c9a644d17e5440da3b0"}
}
